<?xml version="1.0" encoding="UTF-8"?>
<!-- Generated by org.testng.reporters.JUnitReportReporter -->
<testsuite skipped="0" hostname="LAPTOP-Q4O9E1JH" name="com.runner.Zoopla" tests="1" failures="0" timestamp="2020-06-24T20:00:52 EDT" time="25.946" errors="0">
  <testcase name="runScenario" time="25.946" classname="com.runner.Zoopla"/>
</testsuite> <!-- com.runner.Zoopla -->
