<?xml version="1.0" encoding="UTF-8"?>
<!-- Generated by org.testng.reporters.JUnitReportReporter -->
<testsuite skipped="0" hostname="LAPTOP-Q4O9E1JH" name="com.testNg.TestNG" tests="1" failures="0" timestamp="2020-06-24T19:54:01 EDT" time="16.235" errors="0">
  <testcase name="getTrip" time="16.235" classname="com.testNg.TestNG"/>
</testsuite> <!-- com.testNg.TestNG -->
